[2021-09-17 17:18:26.448] [INFO ] [restartedMain] [com.cn.nbcb.SpringApplicationStart] [logStarting] [55] - Starting SpringApplicationStart using Java 1.8.0_241 on LAPTOP-996T2OKC with PID 19156 (D:\gitRepos\aresboot\aresboot-database\build\classes\java\main started by xy in D:\gitRepos\aresboot)
[2021-09-17 17:18:26.454] [INFO ] [restartedMain] [com.cn.nbcb.SpringApplicationStart] [logStartupProfileInfo] [663] - The following profiles are active: dev
[2021-09-17 17:18:26.515] [INFO ] [restartedMain] [o.s.b.d.env.DevToolsPropertyDefaultsPostProcessor] [logTo] [255] - Devtools property defaults active! Set 'spring.devtools.add-properties' to 'false' to disable
[2021-09-17 17:18:26.516] [INFO ] [restartedMain] [o.s.b.d.env.DevToolsPropertyDefaultsPostProcessor] [logTo] [255] - For additional web related logging consider setting the 'logging.level.web' property to 'DEBUG'
[2021-09-17 17:18:27.880] [INFO ] [restartedMain] [o.s.boot.web.embedded.tomcat.TomcatWebServer] [initialize] [108] - Tomcat initialized with port(s): 8081 (http)
[2021-09-17 17:18:27.887] [INFO ] [restartedMain] [org.apache.coyote.http11.Http11NioProtocol] [log] [173] - Initializing ProtocolHandler ["http-nio-8081"]
[2021-09-17 17:18:27.888] [INFO ] [restartedMain] [org.apache.catalina.core.StandardService] [log] [173] - Starting service [Tomcat]
[2021-09-17 17:18:27.888] [INFO ] [restartedMain] [org.apache.catalina.core.StandardEngine] [log] [173] - Starting Servlet engine: [Apache Tomcat/9.0.46]
[2021-09-17 17:18:27.949] [INFO ] [restartedMain] [o.a.c.core.ContainerBase.[Tomcat].[localhost].[/]] [log] [173] - Initializing Spring embedded WebApplicationContext
[2021-09-17 17:18:27.949] [INFO ] [restartedMain] [o.s.b.w.s.c.ServletWebServerApplicationContext] [prepareWebApplicationContext] [290] - Root WebApplicationContext: initialization completed in 1432 ms
[2021-09-17 17:18:29.041] [INFO ] [restartedMain] [com.atomikos.icatch.provider.imp.AssemblerImp] [logInfo] [28] - Loaded jar:file:/C:/Users/xy/.gradle/caches/modules-2/files-2.1/com.atomikos/transactions/4.0.6/1ae19829fd88f5467f45dd1bd9713473f008ff53/transactions-4.0.6.jar!/transactions-defaults.properties
[2021-09-17 17:18:29.046] [INFO ] [restartedMain] [com.atomikos.icatch.provider.imp.AssemblerImp] [logInfo] [28] - USING: com.atomikos.icatch.default_max_wait_time_on_shutdown = 9223372036854775807
[2021-09-17 17:18:29.046] [INFO ] [restartedMain] [com.atomikos.icatch.provider.imp.AssemblerImp] [logInfo] [28] - USING: com.atomikos.icatch.allow_subtransactions = true
[2021-09-17 17:18:29.046] [INFO ] [restartedMain] [com.atomikos.icatch.provider.imp.AssemblerImp] [logInfo] [28] - USING: com.atomikos.icatch.recovery_delay = 10000
[2021-09-17 17:18:29.046] [INFO ] [restartedMain] [com.atomikos.icatch.provider.imp.AssemblerImp] [logInfo] [28] - USING: com.atomikos.icatch.automatic_resource_registration = true
[2021-09-17 17:18:29.046] [INFO ] [restartedMain] [com.atomikos.icatch.provider.imp.AssemblerImp] [logInfo] [28] - USING: com.atomikos.icatch.oltp_max_retries = 5
[2021-09-17 17:18:29.046] [INFO ] [restartedMain] [com.atomikos.icatch.provider.imp.AssemblerImp] [logInfo] [28] - USING: com.atomikos.icatch.client_demarcation = false
[2021-09-17 17:18:29.046] [INFO ] [restartedMain] [com.atomikos.icatch.provider.imp.AssemblerImp] [logInfo] [28] - USING: com.atomikos.icatch.threaded_2pc = false
[2021-09-17 17:18:29.046] [INFO ] [restartedMain] [com.atomikos.icatch.provider.imp.AssemblerImp] [logInfo] [28] - USING: com.atomikos.icatch.serial_jta_transactions = true
[2021-09-17 17:18:29.046] [INFO ] [restartedMain] [com.atomikos.icatch.provider.imp.AssemblerImp] [logInfo] [28] - USING: com.atomikos.icatch.log_base_dir = D:\gitRepos\aresboot\transaction-logs
[2021-09-17 17:18:29.047] [INFO ] [restartedMain] [com.atomikos.icatch.provider.imp.AssemblerImp] [logInfo] [28] - USING: com.atomikos.icatch.rmi_export_class = none
[2021-09-17 17:18:29.047] [INFO ] [restartedMain] [com.atomikos.icatch.provider.imp.AssemblerImp] [logInfo] [28] - USING: com.atomikos.icatch.max_actives = 50
[2021-09-17 17:18:29.047] [INFO ] [restartedMain] [com.atomikos.icatch.provider.imp.AssemblerImp] [logInfo] [28] - USING: com.atomikos.icatch.checkpoint_interval = 500
[2021-09-17 17:18:29.047] [INFO ] [restartedMain] [com.atomikos.icatch.provider.imp.AssemblerImp] [logInfo] [28] - USING: com.atomikos.icatch.enable_logging = true
[2021-09-17 17:18:29.047] [INFO ] [restartedMain] [com.atomikos.icatch.provider.imp.AssemblerImp] [logInfo] [28] - USING: com.atomikos.icatch.log_base_name = tmlog
[2021-09-17 17:18:29.047] [INFO ] [restartedMain] [com.atomikos.icatch.provider.imp.AssemblerImp] [logInfo] [28] - USING: com.atomikos.icatch.max_timeout = 300000
[2021-09-17 17:18:29.047] [INFO ] [restartedMain] [com.atomikos.icatch.provider.imp.AssemblerImp] [logInfo] [28] - USING: com.atomikos.icatch.trust_client_tm = false
[2021-09-17 17:18:29.047] [INFO ] [restartedMain] [com.atomikos.icatch.provider.imp.AssemblerImp] [logInfo] [28] - USING: java.naming.factory.initial = com.sun.jndi.rmi.registry.RegistryContextFactory
[2021-09-17 17:18:29.047] [INFO ] [restartedMain] [com.atomikos.icatch.provider.imp.AssemblerImp] [logInfo] [28] - USING: com.atomikos.icatch.tm_unique_name = 172.20.10.2.tm
[2021-09-17 17:18:29.047] [INFO ] [restartedMain] [com.atomikos.icatch.provider.imp.AssemblerImp] [logInfo] [28] - USING: com.atomikos.icatch.forget_orphaned_log_entries_delay = 86400000
[2021-09-17 17:18:29.047] [INFO ] [restartedMain] [com.atomikos.icatch.provider.imp.AssemblerImp] [logInfo] [28] - USING: com.atomikos.icatch.oltp_retry_interval = 10000
[2021-09-17 17:18:29.048] [INFO ] [restartedMain] [com.atomikos.icatch.provider.imp.AssemblerImp] [logInfo] [28] - USING: java.naming.provider.url = rmi://localhost:1099
[2021-09-17 17:18:29.048] [INFO ] [restartedMain] [com.atomikos.icatch.provider.imp.AssemblerImp] [logInfo] [28] - USING: com.atomikos.icatch.force_shutdown_on_vm_exit = false
[2021-09-17 17:18:29.048] [INFO ] [restartedMain] [com.atomikos.icatch.provider.imp.AssemblerImp] [logInfo] [28] - USING: com.atomikos.icatch.default_jta_timeout = 10000
[2021-09-17 17:18:29.048] [INFO ] [restartedMain] [com.atomikos.icatch.provider.imp.AssemblerImp] [logInfo] [28] - Using default (local) logging and recovery...
[2021-09-17 17:18:29.298] [INFO ] [restartedMain] [com.alibaba.druid.pool.DruidDataSource] [init] [986] - {dataSource-1} inited
[2021-09-17 17:18:29.666] [INFO ] [restartedMain] [o.s.b.d.autoconfigure.OptionalLiveReloadServer] [startServer] [58] - LiveReload server is running on port 35729
[2021-09-17 17:18:29.671] [INFO ] [restartedMain] [o.s.b.actuate.endpoint.web.EndpointLinksResolver] [<init>] [58] - Exposing 1 endpoint(s) beneath base path '/actuator'
[2021-09-17 17:18:29.706] [INFO ] [restartedMain] [org.apache.coyote.http11.Http11NioProtocol] [log] [173] - Starting ProtocolHandler ["http-nio-8081"]
[2021-09-17 17:18:29.719] [INFO ] [restartedMain] [o.s.boot.web.embedded.tomcat.TomcatWebServer] [start] [220] - Tomcat started on port(s): 8081 (http) with context path ''
[2021-09-17 17:18:29.732] [INFO ] [restartedMain] [com.cn.nbcb.SpringApplicationStart] [logStarted] [61] - Started SpringApplicationStart in 3.699 seconds (JVM running for 4.325)
[2021-09-17 17:18:29.903] [INFO ] [RMI TCP Connection(1)-172.20.10.2] [o.a.c.core.ContainerBase.[Tomcat].[localhost].[/]] [log] [173] - Initializing Spring DispatcherServlet 'dispatcherServlet'
[2021-09-17 17:18:29.903] [INFO ] [RMI TCP Connection(1)-172.20.10.2] [org.springframework.web.servlet.DispatcherServlet] [initServletBean] [525] - Initializing Servlet 'dispatcherServlet'
[2021-09-17 17:18:29.904] [INFO ] [RMI TCP Connection(1)-172.20.10.2] [org.springframework.web.servlet.DispatcherServlet] [initServletBean] [547] - Completed initialization in 1 ms
[2021-09-17 17:18:29.906] [INFO ] [RMI TCP Connection(2)-172.20.10.2] [com.alibaba.druid.pool.DruidDataSource] [init] [986] - {dataSource-2} inited
[2021-09-17 18:06:41.339] [INFO ] [restartedMain] [com.cn.nbcb.SpringApplicationStart] [logStarting] [55] - Starting SpringApplicationStart using Java 1.8.0_241 on LAPTOP-996T2OKC with PID 19572 (D:\gitRepos\aresboot\aresboot-database\build\classes\java\main started by xy in D:\gitRepos\aresboot)
[2021-09-17 18:06:41.344] [INFO ] [restartedMain] [com.cn.nbcb.SpringApplicationStart] [logStartupProfileInfo] [663] - The following profiles are active: dev
[2021-09-17 18:06:41.433] [INFO ] [restartedMain] [o.s.b.d.env.DevToolsPropertyDefaultsPostProcessor] [logTo] [255] - Devtools property defaults active! Set 'spring.devtools.add-properties' to 'false' to disable
[2021-09-17 18:06:41.434] [INFO ] [restartedMain] [o.s.b.d.env.DevToolsPropertyDefaultsPostProcessor] [logTo] [255] - For additional web related logging consider setting the 'logging.level.web' property to 'DEBUG'
[2021-09-17 18:06:46.285] [INFO ] [restartedMain] [o.s.boot.web.embedded.tomcat.TomcatWebServer] [initialize] [108] - Tomcat initialized with port(s): 8081 (http)
[2021-09-17 18:06:46.302] [INFO ] [restartedMain] [org.apache.coyote.http11.Http11NioProtocol] [log] [173] - Initializing ProtocolHandler ["http-nio-8081"]
[2021-09-17 18:06:46.304] [INFO ] [restartedMain] [org.apache.catalina.core.StandardService] [log] [173] - Starting service [Tomcat]
[2021-09-17 18:06:46.304] [INFO ] [restartedMain] [org.apache.catalina.core.StandardEngine] [log] [173] - Starting Servlet engine: [Apache Tomcat/9.0.46]
[2021-09-17 18:06:46.462] [INFO ] [restartedMain] [o.a.c.core.ContainerBase.[Tomcat].[localhost].[/]] [log] [173] - Initializing Spring embedded WebApplicationContext
[2021-09-17 18:06:46.462] [INFO ] [restartedMain] [o.s.b.w.s.c.ServletWebServerApplicationContext] [prepareWebApplicationContext] [290] - Root WebApplicationContext: initialization completed in 5027 ms
[2021-09-17 18:06:49.640] [INFO ] [restartedMain] [com.atomikos.icatch.provider.imp.AssemblerImp] [logInfo] [28] - Loaded jar:file:/C:/Users/xy/.gradle/caches/modules-2/files-2.1/com.atomikos/transactions/4.0.6/1ae19829fd88f5467f45dd1bd9713473f008ff53/transactions-4.0.6.jar!/transactions-defaults.properties
[2021-09-17 18:06:49.657] [INFO ] [restartedMain] [com.atomikos.icatch.provider.imp.AssemblerImp] [logInfo] [28] - USING: com.atomikos.icatch.default_max_wait_time_on_shutdown = 9223372036854775807
[2021-09-17 18:06:49.657] [INFO ] [restartedMain] [com.atomikos.icatch.provider.imp.AssemblerImp] [logInfo] [28] - USING: com.atomikos.icatch.allow_subtransactions = true
[2021-09-17 18:06:49.658] [INFO ] [restartedMain] [com.atomikos.icatch.provider.imp.AssemblerImp] [logInfo] [28] - USING: com.atomikos.icatch.recovery_delay = 10000
[2021-09-17 18:06:49.658] [INFO ] [restartedMain] [com.atomikos.icatch.provider.imp.AssemblerImp] [logInfo] [28] - USING: com.atomikos.icatch.automatic_resource_registration = true
[2021-09-17 18:06:49.659] [INFO ] [restartedMain] [com.atomikos.icatch.provider.imp.AssemblerImp] [logInfo] [28] - USING: com.atomikos.icatch.oltp_max_retries = 5
[2021-09-17 18:06:49.659] [INFO ] [restartedMain] [com.atomikos.icatch.provider.imp.AssemblerImp] [logInfo] [28] - USING: com.atomikos.icatch.client_demarcation = false
[2021-09-17 18:06:49.660] [INFO ] [restartedMain] [com.atomikos.icatch.provider.imp.AssemblerImp] [logInfo] [28] - USING: com.atomikos.icatch.threaded_2pc = false
[2021-09-17 18:06:49.660] [INFO ] [restartedMain] [com.atomikos.icatch.provider.imp.AssemblerImp] [logInfo] [28] - USING: com.atomikos.icatch.serial_jta_transactions = true
[2021-09-17 18:06:49.660] [INFO ] [restartedMain] [com.atomikos.icatch.provider.imp.AssemblerImp] [logInfo] [28] - USING: com.atomikos.icatch.log_base_dir = D:\gitRepos\aresboot\transaction-logs
[2021-09-17 18:06:49.661] [INFO ] [restartedMain] [com.atomikos.icatch.provider.imp.AssemblerImp] [logInfo] [28] - USING: com.atomikos.icatch.rmi_export_class = none
[2021-09-17 18:06:49.661] [INFO ] [restartedMain] [com.atomikos.icatch.provider.imp.AssemblerImp] [logInfo] [28] - USING: com.atomikos.icatch.max_actives = 50
[2021-09-17 18:06:49.662] [INFO ] [restartedMain] [com.atomikos.icatch.provider.imp.AssemblerImp] [logInfo] [28] - USING: com.atomikos.icatch.checkpoint_interval = 500
[2021-09-17 18:06:49.662] [INFO ] [restartedMain] [com.atomikos.icatch.provider.imp.AssemblerImp] [logInfo] [28] - USING: com.atomikos.icatch.enable_logging = true
[2021-09-17 18:06:49.663] [INFO ] [restartedMain] [com.atomikos.icatch.provider.imp.AssemblerImp] [logInfo] [28] - USING: com.atomikos.icatch.log_base_name = tmlog
[2021-09-17 18:06:49.663] [INFO ] [restartedMain] [com.atomikos.icatch.provider.imp.AssemblerImp] [logInfo] [28] - USING: com.atomikos.icatch.max_timeout = 300000
[2021-09-17 18:06:49.663] [INFO ] [restartedMain] [com.atomikos.icatch.provider.imp.AssemblerImp] [logInfo] [28] - USING: com.atomikos.icatch.trust_client_tm = false
[2021-09-17 18:06:49.664] [INFO ] [restartedMain] [com.atomikos.icatch.provider.imp.AssemblerImp] [logInfo] [28] - USING: java.naming.factory.initial = com.sun.jndi.rmi.registry.RegistryContextFactory
[2021-09-17 18:06:49.664] [INFO ] [restartedMain] [com.atomikos.icatch.provider.imp.AssemblerImp] [logInfo] [28] - USING: com.atomikos.icatch.tm_unique_name = 172.20.10.2.tm
[2021-09-17 18:06:49.665] [INFO ] [restartedMain] [com.atomikos.icatch.provider.imp.AssemblerImp] [logInfo] [28] - USING: com.atomikos.icatch.forget_orphaned_log_entries_delay = 86400000
[2021-09-17 18:06:49.665] [INFO ] [restartedMain] [com.atomikos.icatch.provider.imp.AssemblerImp] [logInfo] [28] - USING: com.atomikos.icatch.oltp_retry_interval = 10000
[2021-09-17 18:06:49.665] [INFO ] [restartedMain] [com.atomikos.icatch.provider.imp.AssemblerImp] [logInfo] [28] - USING: java.naming.provider.url = rmi://localhost:1099
[2021-09-17 18:06:49.666] [INFO ] [restartedMain] [com.atomikos.icatch.provider.imp.AssemblerImp] [logInfo] [28] - USING: com.atomikos.icatch.force_shutdown_on_vm_exit = false
[2021-09-17 18:06:49.666] [INFO ] [restartedMain] [com.atomikos.icatch.provider.imp.AssemblerImp] [logInfo] [28] - USING: com.atomikos.icatch.default_jta_timeout = 10000
[2021-09-17 18:06:49.669] [INFO ] [restartedMain] [com.atomikos.icatch.provider.imp.AssemblerImp] [logInfo] [28] - Using default (local) logging and recovery...
[2021-09-17 18:06:50.466] [INFO ] [restartedMain] [com.alibaba.druid.pool.DruidDataSource] [init] [986] - {dataSource-1} inited
[2021-09-17 18:06:51.399] [INFO ] [restartedMain] [o.s.b.d.autoconfigure.OptionalLiveReloadServer] [startServer] [58] - LiveReload server is running on port 35729
[2021-09-17 18:06:51.412] [INFO ] [restartedMain] [o.s.b.actuate.endpoint.web.EndpointLinksResolver] [<init>] [58] - Exposing 1 endpoint(s) beneath base path '/actuator'
[2021-09-17 18:06:51.488] [INFO ] [restartedMain] [org.apache.coyote.http11.Http11NioProtocol] [log] [173] - Starting ProtocolHandler ["http-nio-8081"]
[2021-09-17 18:06:51.515] [INFO ] [restartedMain] [o.s.boot.web.embedded.tomcat.TomcatWebServer] [start] [220] - Tomcat started on port(s): 8081 (http) with context path ''
[2021-09-17 18:06:51.543] [INFO ] [restartedMain] [com.cn.nbcb.SpringApplicationStart] [logStarted] [61] - Started SpringApplicationStart in 10.945 seconds (JVM running for 11.616)
[2021-09-17 18:06:52.245] [INFO ] [RMI TCP Connection(1)-172.20.10.2] [o.a.c.core.ContainerBase.[Tomcat].[localhost].[/]] [log] [173] - Initializing Spring DispatcherServlet 'dispatcherServlet'
[2021-09-17 18:06:52.245] [INFO ] [RMI TCP Connection(1)-172.20.10.2] [org.springframework.web.servlet.DispatcherServlet] [initServletBean] [525] - Initializing Servlet 'dispatcherServlet'
[2021-09-17 18:06:52.247] [INFO ] [RMI TCP Connection(1)-172.20.10.2] [org.springframework.web.servlet.DispatcherServlet] [initServletBean] [547] - Completed initialization in 1 ms
[2021-09-17 18:06:52.250] [INFO ] [RMI TCP Connection(2)-172.20.10.2] [com.alibaba.druid.pool.DruidDataSource] [init] [986] - {dataSource-2} inited
[2021-09-17 18:13:45.181] [INFO ] [restartedMain] [com.cn.nbcb.SpringApplicationStart] [logStarting] [55] - Starting SpringApplicationStart using Java 1.8.0_241 on LAPTOP-996T2OKC with PID 18040 (D:\gitRepos\aresboot\aresboot-database\build\classes\java\main started by xy in D:\gitRepos\aresboot)
[2021-09-17 18:13:45.184] [INFO ] [restartedMain] [com.cn.nbcb.SpringApplicationStart] [logStartupProfileInfo] [663] - The following profiles are active: dev
[2021-09-17 18:13:45.219] [INFO ] [restartedMain] [o.s.b.d.env.DevToolsPropertyDefaultsPostProcessor] [logTo] [255] - Devtools property defaults active! Set 'spring.devtools.add-properties' to 'false' to disable
[2021-09-17 18:13:45.220] [INFO ] [restartedMain] [o.s.b.d.env.DevToolsPropertyDefaultsPostProcessor] [logTo] [255] - For additional web related logging consider setting the 'logging.level.web' property to 'DEBUG'
[2021-09-17 18:13:46.468] [INFO ] [restartedMain] [o.s.boot.web.embedded.tomcat.TomcatWebServer] [initialize] [108] - Tomcat initialized with port(s): 8081 (http)
[2021-09-17 18:13:46.474] [INFO ] [restartedMain] [org.apache.coyote.http11.Http11NioProtocol] [log] [173] - Initializing ProtocolHandler ["http-nio-8081"]
[2021-09-17 18:13:46.475] [INFO ] [restartedMain] [org.apache.catalina.core.StandardService] [log] [173] - Starting service [Tomcat]
[2021-09-17 18:13:46.475] [INFO ] [restartedMain] [org.apache.catalina.core.StandardEngine] [log] [173] - Starting Servlet engine: [Apache Tomcat/9.0.46]
[2021-09-17 18:13:46.531] [INFO ] [restartedMain] [o.a.c.core.ContainerBase.[Tomcat].[localhost].[/]] [log] [173] - Initializing Spring embedded WebApplicationContext
[2021-09-17 18:13:46.531] [INFO ] [restartedMain] [o.s.b.w.s.c.ServletWebServerApplicationContext] [prepareWebApplicationContext] [290] - Root WebApplicationContext: initialization completed in 1311 ms
[2021-09-17 18:13:46.719] [INFO ] [restartedMain] [org.apache.catalina.core.StandardService] [log] [173] - Stopping service [Tomcat]
[2021-09-17 18:13:46.738] [INFO ] [restartedMain] [o.s.b.a.l.ConditionEvaluationReportLoggingListener] [logMessage] [136] - 

Error starting ApplicationContext. To display the conditions report re-run your application with 'debug' enabled.
[2021-09-17 18:14:53.005] [INFO ] [restartedMain] [com.cn.nbcb.SpringApplicationStart] [logStarting] [55] - Starting SpringApplicationStart using Java 1.8.0_241 on LAPTOP-996T2OKC with PID 32 (D:\gitRepos\aresboot\aresboot-database\build\classes\java\main started by xy in D:\gitRepos\aresboot)
[2021-09-17 18:14:53.008] [INFO ] [restartedMain] [com.cn.nbcb.SpringApplicationStart] [logStartupProfileInfo] [663] - The following profiles are active: dev
[2021-09-17 18:14:53.052] [INFO ] [restartedMain] [o.s.b.d.env.DevToolsPropertyDefaultsPostProcessor] [logTo] [255] - Devtools property defaults active! Set 'spring.devtools.add-properties' to 'false' to disable
[2021-09-17 18:14:53.052] [INFO ] [restartedMain] [o.s.b.d.env.DevToolsPropertyDefaultsPostProcessor] [logTo] [255] - For additional web related logging consider setting the 'logging.level.web' property to 'DEBUG'
[2021-09-17 18:14:54.197] [INFO ] [restartedMain] [o.s.boot.web.embedded.tomcat.TomcatWebServer] [initialize] [108] - Tomcat initialized with port(s): 8081 (http)
[2021-09-17 18:14:54.205] [INFO ] [restartedMain] [org.apache.coyote.http11.Http11NioProtocol] [log] [173] - Initializing ProtocolHandler ["http-nio-8081"]
[2021-09-17 18:14:54.206] [INFO ] [restartedMain] [org.apache.catalina.core.StandardService] [log] [173] - Starting service [Tomcat]
[2021-09-17 18:14:54.206] [INFO ] [restartedMain] [org.apache.catalina.core.StandardEngine] [log] [173] - Starting Servlet engine: [Apache Tomcat/9.0.46]
[2021-09-17 18:14:54.270] [INFO ] [restartedMain] [o.a.c.core.ContainerBase.[Tomcat].[localhost].[/]] [log] [173] - Initializing Spring embedded WebApplicationContext
[2021-09-17 18:14:54.271] [INFO ] [restartedMain] [o.s.b.w.s.c.ServletWebServerApplicationContext] [prepareWebApplicationContext] [290] - Root WebApplicationContext: initialization completed in 1218 ms
[2021-09-17 18:14:54.522] [INFO ] [restartedMain] [org.apache.catalina.core.StandardService] [log] [173] - Stopping service [Tomcat]
[2021-09-17 18:14:54.544] [INFO ] [restartedMain] [o.s.b.a.l.ConditionEvaluationReportLoggingListener] [logMessage] [136] - 

Error starting ApplicationContext. To display the conditions report re-run your application with 'debug' enabled.
[2021-09-17 18:15:20.908] [INFO ] [restartedMain] [com.cn.nbcb.SpringApplicationStart] [logStarting] [55] - Starting SpringApplicationStart using Java 1.8.0_241 on LAPTOP-996T2OKC with PID 17488 (D:\gitRepos\aresboot\aresboot-database\build\classes\java\main started by xy in D:\gitRepos\aresboot)
[2021-09-17 18:15:20.911] [INFO ] [restartedMain] [com.cn.nbcb.SpringApplicationStart] [logStartupProfileInfo] [663] - The following profiles are active: dev
[2021-09-17 18:15:20.979] [INFO ] [restartedMain] [o.s.b.d.env.DevToolsPropertyDefaultsPostProcessor] [logTo] [255] - Devtools property defaults active! Set 'spring.devtools.add-properties' to 'false' to disable
[2021-09-17 18:15:20.979] [INFO ] [restartedMain] [o.s.b.d.env.DevToolsPropertyDefaultsPostProcessor] [logTo] [255] - For additional web related logging consider setting the 'logging.level.web' property to 'DEBUG'
[2021-09-17 18:15:23.477] [INFO ] [restartedMain] [o.s.boot.web.embedded.tomcat.TomcatWebServer] [initialize] [108] - Tomcat initialized with port(s): 8081 (http)
[2021-09-17 18:15:23.488] [INFO ] [restartedMain] [org.apache.coyote.http11.Http11NioProtocol] [log] [173] - Initializing ProtocolHandler ["http-nio-8081"]
[2021-09-17 18:15:23.489] [INFO ] [restartedMain] [org.apache.catalina.core.StandardService] [log] [173] - Starting service [Tomcat]
[2021-09-17 18:15:23.490] [INFO ] [restartedMain] [org.apache.catalina.core.StandardEngine] [log] [173] - Starting Servlet engine: [Apache Tomcat/9.0.46]
[2021-09-17 18:15:23.587] [INFO ] [restartedMain] [o.a.c.core.ContainerBase.[Tomcat].[localhost].[/]] [log] [173] - Initializing Spring embedded WebApplicationContext
[2021-09-17 18:15:23.588] [INFO ] [restartedMain] [o.s.b.w.s.c.ServletWebServerApplicationContext] [prepareWebApplicationContext] [290] - Root WebApplicationContext: initialization completed in 2608 ms
[2021-09-17 18:15:23.955] [INFO ] [restartedMain] [org.apache.catalina.core.StandardService] [log] [173] - Stopping service [Tomcat]
[2021-09-17 18:15:23.986] [INFO ] [restartedMain] [o.s.b.a.l.ConditionEvaluationReportLoggingListener] [logMessage] [136] - 

Error starting ApplicationContext. To display the conditions report re-run your application with 'debug' enabled.
